<?xml version="1.0" encoding="UTF-8"?>
<coverage generated="1597918772105" clover="3.2.0">
  <project timestamp="1597918772105" name="All files">
    <metrics statements="54" coveredstatements="46" conditionals="18" coveredconditionals="12" methods="27" coveredmethods="20" elements="99" coveredelements="78" complexity="0" loc="54" ncloc="54" packages="1" files="4" classes="4"/>
    <file name="StorageMap.ts" path="/mnt/d/work/storage-map/src/StorageMap.ts">
      <metrics statements="5" coveredstatements="5" conditionals="0" coveredconditionals="0" methods="4" coveredmethods="4"/>
      <line num="7" count="3" type="stmt"/>
      <line num="19" count="1" type="stmt"/>
      <line num="22" count="6" type="stmt"/>
      <line num="25" count="27" type="stmt"/>
      <line num="28" count="11" type="stmt"/>
    </file>
    <file name="StorageMock.ts" path="/mnt/d/work/storage-map/src/StorageMock.ts">
      <metrics statements="8" coveredstatements="2" conditionals="2" coveredconditionals="0" methods="7" coveredmethods="1"/>
      <line num="1" count="3" type="stmt"/>
      <line num="4" count="1" type="stmt"/>
      <line num="7" count="0" type="stmt"/>
      <line num="10" count="0" type="cond" truecount="0" falsecount="2"/>
      <line num="13" count="0" type="stmt"/>
      <line num="16" count="0" type="stmt"/>
      <line num="19" count="0" type="stmt"/>
      <line num="22" count="0" type="stmt"/>
    </file>
    <file name="WebStorage.ts" path="/mnt/d/work/storage-map/src/WebStorage.ts">
      <metrics statements="35" coveredstatements="33" conditionals="12" coveredconditionals="9" methods="15" coveredmethods="14"/>
      <line num="1" count="3" type="stmt"/>
      <line num="2" count="3" type="stmt"/>
      <line num="8" count="3" type="stmt"/>
      <line num="11" count="27" type="stmt"/>
      <line num="12" count="27" type="stmt"/>
      <line num="15" count="10" type="stmt"/>
      <line num="18" count="8" type="stmt"/>
      <line num="19" count="8" type="stmt"/>
      <line num="20" count="8" type="stmt"/>
      <line num="21" count="8" type="cond" truecount="1" falsecount="1"/>
      <line num="22" count="8" type="stmt"/>
      <line num="23" count="8" type="stmt"/>
      <line num="28" count="26" type="stmt"/>
      <line num="29" count="26" type="cond" truecount="2" falsecount="0"/>
      <line num="30" count="24" type="stmt"/>
      <line num="32" count="2" type="stmt"/>
      <line num="36" count="14" type="stmt"/>
      <line num="37" count="14" type="cond" truecount="2" falsecount="0"/>
      <line num="40" count="4" type="stmt"/>
      <line num="43" count="4" type="stmt"/>
      <line num="46" count="2" type="stmt"/>
      <line num="49" count="2" type="stmt"/>
      <line num="50" count="2" type="stmt"/>
      <line num="54" count="4" type="stmt"/>
      <line num="55" count="4" type="stmt"/>
      <line num="59" count="0" type="stmt"/>
      <line num="60" count="0" type="stmt"/>
      <line num="65" count="3" type="stmt"/>
      <line num="67" count="13" type="cond" truecount="2" falsecount="1"/>
      <line num="68" count="13" type="stmt"/>
      <line num="71" count="1" type="stmt"/>
      <line num="74" count="3" type="stmt"/>
      <line num="76" count="13" type="cond" truecount="2" falsecount="1"/>
      <line num="77" count="13" type="stmt"/>
      <line num="80" count="1" type="stmt"/>
    </file>
    <file name="index.ts" path="/mnt/d/work/storage-map/src/index.ts">
      <metrics statements="6" coveredstatements="6" conditionals="4" coveredconditionals="3" methods="1" coveredmethods="1"/>
      <line num="1" count="1" type="stmt"/>
      <line num="7" count="1" type="stmt"/>
      <line num="8" count="2" type="cond" truecount="2" falsecount="0"/>
      <line num="9" count="1" type="stmt"/>
      <line num="10" count="1" type="cond" truecount="1" falsecount="1"/>
      <line num="11" count="1" type="stmt"/>
    </file>
  </project>
</coverage>
