TN:
SF:src/StorageMap.ts
FN:18,(anonymous_0)
FN:21,(anonymous_1)
FN:24,(anonymous_2)
FN:27,(anonymous_3)
FNF:4
FNH:4
FNDA:1,(anonymous_0)
FNDA:6,(anonymous_1)
FNDA:27,(anonymous_2)
FNDA:11,(anonymous_3)
DA:7,3
DA:19,1
DA:22,6
DA:25,27
DA:28,11
LF:5
LH:5
BRF:0
BRH:0
end_of_record
TN:
SF:src/StorageMock.ts
FN:3,(anonymous_0)
FN:6,(anonymous_1)
FN:9,(anonymous_2)
FN:12,(anonymous_3)
FN:15,(anonymous_4)
FN:18,(anonymous_5)
FN:21,(anonymous_6)
FNF:7
FNH:1
FNDA:1,(anonymous_0)
FNDA:0,(anonymous_1)
FNDA:0,(anonymous_2)
FNDA:0,(anonymous_3)
FNDA:0,(anonymous_4)
FNDA:0,(anonymous_5)
FNDA:0,(anonymous_6)
DA:1,3
DA:4,1
DA:7,0
DA:10,0
DA:13,0
DA:16,0
DA:19,0
DA:22,0
LF:8
LH:2
BRDA:10,0,0,0
BRDA:10,0,1,0
BRF:2
BRH:0
end_of_record
TN:
SF:src/WebStorage.ts
FN:10,(anonymous_0)
FN:14,(anonymous_1)
FN:17,(anonymous_2)
FN:27,(anonymous_3)
FN:35,(anonymous_4)
FN:39,(anonymous_5)
FN:42,(anonymous_6)
FN:45,(anonymous_7)
FN:48,(anonymous_8)
FN:53,(anonymous_9)
FN:58,(anonymous_10)
FN:66,(anonymous_11)
FN:70,(anonymous_12)
FN:75,(anonymous_13)
FN:79,(anonymous_14)
FNF:15
FNH:14
FNDA:27,(anonymous_0)
FNDA:10,(anonymous_1)
FNDA:8,(anonymous_2)
FNDA:26,(anonymous_3)
FNDA:14,(anonymous_4)
FNDA:4,(anonymous_5)
FNDA:4,(anonymous_6)
FNDA:2,(anonymous_7)
FNDA:2,(anonymous_8)
FNDA:4,(anonymous_9)
FNDA:0,(anonymous_10)
FNDA:13,(anonymous_11)
FNDA:1,(anonymous_12)
FNDA:13,(anonymous_13)
FNDA:1,(anonymous_14)
DA:1,3
DA:2,3
DA:8,3
DA:11,27
DA:12,27
DA:15,10
DA:18,8
DA:19,8
DA:20,8
DA:21,8
DA:22,8
DA:23,8
DA:28,26
DA:29,26
DA:30,24
DA:32,2
DA:36,14
DA:37,14
DA:40,4
DA:43,4
DA:46,2
DA:49,2
DA:50,2
DA:54,4
DA:55,4
DA:59,0
DA:60,0
DA:65,3
DA:67,13
DA:68,13
DA:71,1
DA:74,3
DA:76,13
DA:77,13
DA:80,1
LF:35
LH:33
BRDA:21,0,0,8
BRDA:21,0,1,0
BRDA:29,1,0,24
BRDA:29,1,1,2
BRDA:37,2,0,10
BRDA:37,2,1,4
BRDA:67,3,0,13
BRDA:67,3,1,13
BRDA:67,3,2,0
BRDA:76,4,0,13
BRDA:76,4,1,13
BRDA:76,4,2,0
BRF:12
BRH:9
end_of_record
TN:
SF:src/index.ts
FN:7,createStorage
FNF:1
FNH:1
FNDA:2,createStorage
DA:1,1
DA:7,1
DA:8,2
DA:9,1
DA:10,1
DA:11,1
LF:6
LH:6
BRDA:8,0,0,1
BRDA:8,0,1,1
BRDA:10,1,0,1
BRDA:10,1,1,0
BRF:4
BRH:3
end_of_record
